Arguments: 
  C:\Program Files\nodejs\node.exe C:\Program Files\nodejs\node_modules\yarn\bin\yarn.js install

PATH: 
  C:\Program Files\Common Files\Oracle\Java\javapath;C:\Oracle\product\12.1.0\client_1\bin;C:\Program Files (x86)\Common Files\Oracle\Java\javapath;C:\WINDOWS\system32;C:\WINDOWS;C:\WINDOWS\System32\Wbem;C:\WINDOWS\System32\WindowsPowerShell\v1.0\;C:\WINDOWS\System32\OpenSSH\;C:\Program Files (x86)\Intel\Intel(R) Management Engine Components\DAL;C:\Program Files\Intel\Intel(R) Management Engine Components\DAL;C:\Program Files (x86)\PuTTY\;C:\Program Files\Git\cmd;C:\Program Files (x86)\Bitvise SSH Client;C:\Users\AVROGAL1\AppData\Roaming\nvm;C:\Program Files\nodejs;C:\HashiCorp\Vagrant\bin;C:\Program Files (x86)\sbt\bin;C:\Program Files\Kubernetes\Minikube;C:\Go\bin;C:\progs;C:\ProgramData\chocolatey\bin;C:\Program Files\Git LFS;C:\Program Files (x86)\scala\bin;C:\Program Files\Docker\Docker\resources\bin;C:\ProgramData\DockerDesktop\version-bin;C:\maven\apache-maven-3.6.3\bin;C:\gradle\gradle-6.7.1\bin;C:\Users\AVROGAL1\scoop\shims;C:\Users\AVROGAL1\AppData\Local\Microsoft\WindowsApps;C:\Users\AVROGAL1\AppData\Local\atom\bin;C:\Mercurial;C:\Users\AVROGAL1\AppData\Roaming\nvm;C:\Program Files\nodejs;C:\Program Files\JetBrains\WebStorm 2020.3\bin;;C:\Users\AVROGAL1\AppData\Local\Programs\Microsoft VS Code\bin;C:\Program Files\Multipass\bin;C:\Program Files\MicroK8s;C:\Users\AVROGAL1\go\bin;C:\Program Files\JetBrains\DataGrip 2020.3\bin;;C:\Users\AVROGAL1\AppData\Local\.meteor;

Yarn version: 
  1.22.10

Node version: 
  15.5.0

Platform: 
  win32 x64

Trace: 
  Error: unable to verify the first certificate
      at TLSSocket.onConnectSecure (node:_tls_wrap:1518:34)
      at TLSSocket.emit (node:events:376:20)
      at TLSSocket._finishInit (node:_tls_wrap:942:8)
      at TLSWrap.ssl.onhandshakedone (node:_tls_wrap:716:12)

npm manifest: 
  {
    "name": "webtorrent.io",
    "version": "0.0.1",
    "author": {
      "name": "WebTorrent, LLC",
      "email": "feross@webtorrent.io",
      "url": "https://webtorrent.io"
    },
    "browserify": {
      "transform": [
        "brfs"
      ]
    },
    "bugs": {
      "url": "https://github.com/webtorrent/webtorrent.io/issues"
    },
    "dependencies": {
      "basic-auth": "^2.0.0",
      "body-parser": "^1.15.2",
      "compression": "^1.0.11",
      "cors": "^2.7.1",
      "discord-irc": "^2.7.2",
      "domready": "^1.0.6",
      "express": "^4.8.8",
      "express-rate-limit": "^5.0.0",
      "gitter-irc-bot": "^1.0.0",
      "highlight.js": "^10.0.0",
      "moment": "^2.10.6",
      "morgan": "^1.9.1",
      "multer": "^1.1.0",
      "p2p-graph": "^2.0.0",
      "prettier-bytes": "^1.0.3",
      "pug": "^2.0.0-beta4",
      "remarkable": "^2.0.0",
      "rollbar": "^2.4.5",
      "run-parallel-limit": "^1.0.3",
      "semver": "^7.3.2",
      "serve-index": "^1.8.0",
      "simple-get": "^3.0.0",
      "throttleit": "^1.0.0",
      "webtorrent": "webtorrent/webtorrent"
    },
    "devDependencies": {
      "brfs": "^2.0.0",
      "browserify": "^16.0.0",
      "husky": "^4.2.5",
      "nodemon": "^2.0.0",
      "standard": "*",
      "stylus": "^0.54.0",
      "tinyify": "^2.5.2",
      "watchify": "^3.1.2"
    },
    "homepage": "https://webtorrent.io",
    "husky": {
      "hooks": {
        "pre-push": "npm test"
      }
    },
    "keywords": [
      "bittorrent",
      "bittorrent client",
      "download",
      "mad science",
      "streaming",
      "torrent",
      "webrtc",
      "webtorrent"
    ],
    "license": "MIT",
    "main": "index.js",
    "private": true,
    "repository": {
      "type": "git",
      "url": "git://github.com/webtorrent/webtorrent.io.git"
    },
    "scripts": {
      "build": "npm run build-css && npm run build-js",
      "build-css": "stylus --include-css client/style.styl -o static/ -c",
      "build-js": "browserify --plugin tinyify client > static/bundle.js",
      "deploy": "./tools/trigger-deploy.sh",
      "secret-download": "rsync -a -O -v --delete -e \"ssh\" feross@webtorrent:\"/home/feross/www/webtorrent.io/secret/\" secret/",
      "secret-upload": "rsync -a -O -v --delete -e \"ssh\" secret/ feross@webtorrent:/home/feross/www/webtorrent.io/secret/",
      "size": "npm run size-js && npm run size-css",
      "size-css": "npm run build-css && cat static/style.css | gzip | wc -c",
      "size-js": "npm run build-js && cat static/bundle.js | gzip | wc -c",
      "start": "node server",
      "static-download": "rsync -a -O -v --delete -e \"ssh\" feross@webtorrent:\"/home/feross/www/webtorrent.io/static/torrents/\" static/torrents/",
      "static-upload": "rsync -a -O -v --delete -e \"ssh\" static/torrents/ feross@webtorrent:/home/feross/www/webtorrent.io/static/torrents/",
      "test": "standard",
      "watch": "npm run watch-css & npm run watch-js & npm run watch-server",
      "watch-css": "stylus --include-css client/style.styl -o static/ -w",
      "watch-js": "watchify client -o static/bundle.js -dv",
      "watch-server": "DEBUG=webtorrent*,bittorrent* nodemon server -e js,json,pug -i client/ -i static/ -i logs/"
    }
  }

yarn manifest: 
  No manifest

Lockfile: 
  No lockfile
